<?xml version="1.0" encoding="UTF-8" ?>
<testsuite 
errors="0" failures="0" hostname="dahaishui" name="com.graduation.analytics.sql.SurrogateKeySpec" tests="11" time="4.16" timestamp="2026-09-14T17:02:41">
  <properties>
[...]
</properties>
  <testcase 
  name="契约向量集 should 可被读到且条数为 23（含 3 条 NULL_KEY）" classname="com.graduation.analytics.sql.SurrogateKeySpec" time="0.002">
</testcase>
  <testcase 
  name="契约向量集 should 每一条 KEY 向量：normalized / material / sha256 / keyHex16 / keyBigint 全部命中" classname="com.graduation.analytics.sql.SurrogateKeySpec" time="0.003">
</testcase>
  <testcase 
  name="契约向量集 should 每一条 NULL_KEY 向量：不生成键（None），且契约 rawInput 的三种区分靠 rawInputNotation" classname="com.graduation.analytics.sql.SurrogateKeySpec" time="0.002">
</testcase>
  <testcase 
  name="契约向量集 should category / brand / coupon 向量复算命中（仅单测可达，真链无数据）" classname="com.graduation.analytics.sql.SurrogateKeySpec" time="0.001">
</testcase>
  <testcase 
  name="契约向量集 should 契约枚举外的实体一律拒绝（D-093：order 不得套用代理键算法）" classname="com.graduation.analytics.sql.SurrogateKeySpec" time="0.001">
</testcase>
  <testcase 
  name="契约向量集 should 同一三元组恒同键（幂等），不同三元组不同键（单射，17 组无碰撞）" classname="com.graduation.analytics.sql.SurrogateKeySpec" time="0.001">
</testcase>
  <testcase 
  name="契约向量集 should 键恒在 [1, 2^63-1]：清符号位 + 全零取 1（D-085）" classname="com.graduation.analytics.sql.SurrogateKeySpec" time="0.002">
</testcase>
  <testcase 
  name="SurrogateKey.toBIGINT（SQL 表达式） should 在真实 Spark 上逐向量与内存实现同值" classname="com.graduation.analytics.sql.SurrogateKeySpec" time="0.838">
</testcase>
  <testcase 
  name="SurrogateKey.toBIGINT（SQL 表达式） should 空串 / 仅空白 / NULL 三种输入在 SQL 侧都得到 NULL（不落哨兵、不合并）" classname="com.graduation.analytics.sql.SurrogateKeySpec" time="0.098">
</testcase>
  <testcase 
  name="代理键真链（隔离 warehouse + 黄金 55 条） should 旧列不变且新键列与契约同值（A6③/A6⑤）" classname="com.graduation.analytics.sql.SurrogateKeySpec" time="3.211">
</testcase>
  <testcase 
  name="代理键真链（隔离 warehouse + 黄金 55 条） should 大写归一必须文化无关（Locale.ROOT）——土耳其语区域下不得变形" classname="com.graduation.analytics.sql.SurrogateKeySpec" time="0.001">
</testcase>
  <system-out><![CDATA[]]></system-out>
  <system-err><![CDATA[]]></system-err>
</testsuite>
